\BOOKMARK [0][-]{section*.1}{Agradecimientos}{}% 1
\BOOKMARK [0][-]{section*.3}{Anteproyecto}{}% 2
\BOOKMARK [0][-]{chapter.1}{Objetivos}{}% 3
\BOOKMARK [1][-]{section.1.1}{Objetivos Generales}{chapter.1}% 4
\BOOKMARK [1][-]{section.1.2}{Objetivos Espec\355ficos}{chapter.1}% 5
\BOOKMARK [0][-]{chapter.2}{Marco Te\363rico}{}% 6
\BOOKMARK [1][-]{section.2.1}{Sensores, transductores y biosensores}{chapter.2}% 7
\BOOKMARK [1][-]{section.2.2}{Electr\363nica Impresa Funcional}{chapter.2}% 8
\BOOKMARK [2][-]{subsection.2.2.1}{Impresora tipo Inkjet}{section.2.2}% 9
\BOOKMARK [2][-]{subsection.2.2.2}{Tinta de nanopart\355culas de oro}{section.2.2}% 10
\BOOKMARK [2][-]{subsection.2.2.3}{Tinta diel\351ctrica fotodefinible SU-8}{section.2.2}% 11
\BOOKMARK [2][-]{subsection.2.2.4}{Sustrato Valox}{section.2.2}% 12
\BOOKMARK [1][-]{section.2.3}{T\351cnicas de Caracterizaci\363n}{chapter.2}% 13
\BOOKMARK [2][-]{subsection.2.3.1}{Caracterizaci\363n El\351ctrica}{section.2.3}% 14
\BOOKMARK [2][-]{subsection.2.3.2}{Caracterizaci\363n \323ptica/Dimensional}{section.2.3}% 15
\BOOKMARK [2][-]{subsection.2.3.3}{Caracterizaci\363n Electroqu\355mica}{section.2.3}% 16
\BOOKMARK [0][-]{chapter.3}{Desarrollo Experimental}{}% 17
\BOOKMARK [1][-]{section.3.1}{Preparaci\363n de patrones de im\341genes}{chapter.3}% 18
\BOOKMARK [2][-]{subsection.3.1.1}{Mediciones previas}{section.3.1}% 19
\BOOKMARK [2][-]{subsection.3.1.2}{Dise\361os de patrones de impresi\363n}{section.3.1}% 20
\BOOKMARK [1][-]{section.3.2}{Puesta a punto y calibraci\363n de impresora}{chapter.3}% 21
\BOOKMARK [1][-]{section.3.3}{Impresiones}{chapter.3}% 22
\BOOKMARK [1][-]{section.3.4}{Caracterizaciones}{chapter.3}% 23
\BOOKMARK [2][-]{subsection.3.4.1}{Caracterizaci\363n el\351ctrica}{section.3.4}% 24
\BOOKMARK [2][-]{subsection.3.4.2}{Caracterizaci\363n dimensional}{section.3.4}% 25
\BOOKMARK [2][-]{subsection.3.4.3}{Caracterizaci\363n electroqu\355mica}{section.3.4}% 26
\BOOKMARK [1][-]{section.3.5}{Tinta diel\351ctrica fotorresistente}{chapter.3}% 27
\BOOKMARK [2][-]{subsection.3.5.1}{Dise\361o}{section.3.5}% 28
\BOOKMARK [2][-]{subsection.3.5.2}{Preparaci\363n de cartucho de tinta}{section.3.5}% 29
\BOOKMARK [2][-]{subsection.3.5.3}{Puesta a punto y calibraci\363n de impresora}{section.3.5}% 30
\BOOKMARK [2][-]{subsection.3.5.4}{Impresiones}{section.3.5}% 31
\BOOKMARK [2][-]{subsection.3.5.5}{Caracterizaciones}{section.3.5}% 32
\BOOKMARK [0][-]{chapter.4}{Mediciones y Resultados}{}% 33
\BOOKMARK [1][-]{section.4.1}{Caracterizaci\363n el\351ctrica}{chapter.4}% 34
\BOOKMARK [1][-]{section.4.2}{Caracterizaci\363n dimensional}{chapter.4}% 35
\BOOKMARK [1][-]{section.4.3}{Caracterizaci\363n electroqu\355mica}{chapter.4}% 36
\BOOKMARK [0][-]{chapter.5}{Conclusiones}{}% 37
\BOOKMARK [1][-]{section.5.1}{Conclusiones del trabajo realizado}{chapter.5}% 38
\BOOKMARK [1][-]{section.5.2}{Trabajo futuro}{chapter.5}% 39
\BOOKMARK [0][-]{appendix.Alph1}{Configuraci\363n de impresora}{}% 40
\BOOKMARK [1][-]{section.Alph1.1}{Preparaci\363n de cartucho de tinta}{appendix.Alph1}% 41
\BOOKMARK [1][-]{section.Alph1.2}{Sujeci\363n de sustrato y configuraci\363n de platina}{appendix.Alph1}% 42
\BOOKMARK [0][-]{appendix.Alph2}{Proceso de cierre del proyecto}{}% 43
\BOOKMARK [1][-]{section.Alph2.1}{Entregables y espectativas}{appendix.Alph2}% 44
\BOOKMARK [1][-]{section.Alph2.2}{Lecciones aprendidas}{appendix.Alph2}% 45
\BOOKMARK [0][-]{section*.7}{Bibliograf\355a}{}% 46
